  [1m[35m (1.8ms)[0m  [1m[34mSELECT sqlite_version(*)[0m
  [1m[35m (1.0ms)[0m  [1m[35mCREATE TABLE "schema_migrations" ("version" varchar NOT NULL PRIMARY KEY)[0m
  [1m[35m (1.0ms)[0m  [1m[35mCREATE TABLE "ar_internal_metadata" ("key" varchar NOT NULL PRIMARY KEY, "value" varchar, "created_at" datetime(6) NOT NULL, "updated_at" datetime(6) NOT NULL)[0m
  [1m[35m (0.1ms)[0m  [1m[34mSELECT "schema_migrations"."version" FROM "schema_migrations" ORDER BY "schema_migrations"."version" ASC[0m
Migrating to CreateServices (20210516200533)
  [1m[36mTRANSACTION (0.1ms)[0m  [1m[36mbegin transaction[0m
  [1m[35m (0.4ms)[0m  [1m[35mCREATE TABLE "services" ("id" integer PRIMARY KEY AUTOINCREMENT NOT NULL, "name" varchar, "description" varchar, "cost" integer, "created_at" datetime(6) NOT NULL, "updated_at" datetime(6) NOT NULL)[0m
  [1m[36mActiveRecord::SchemaMigration Create (0.2ms)[0m  [1m[32mINSERT INTO "schema_migrations" ("version") VALUES (?)[0m  [["version", "20210516200533"]]
  [1m[36mTRANSACTION (0.7ms)[0m  [1m[36mcommit transaction[0m
Migrating to CreateReviews (20210516200623)
  [1m[36mTRANSACTION (0.0ms)[0m  [1m[36mbegin transaction[0m
  [1m[35m (0.4ms)[0m  [1m[35mCREATE TABLE "reviews" ("id" integer PRIMARY KEY AUTOINCREMENT NOT NULL, "customer_name" varchar, "content" varchar, "date" varchar, "created_at" datetime(6) NOT NULL, "updated_at" datetime(6) NOT NULL)[0m
  [1m[36mActiveRecord::SchemaMigration Create (0.1ms)[0m  [1m[32mINSERT INTO "schema_migrations" ("version") VALUES (?)[0m  [["version", "20210516200623"]]
  [1m[36mTRANSACTION (0.7ms)[0m  [1m[36mcommit transaction[0m
  [1m[36mActiveRecord::InternalMetadata Load (0.1ms)[0m  [1m[34mSELECT "ar_internal_metadata".* FROM "ar_internal_metadata" WHERE "ar_internal_metadata"."key" = ? LIMIT ?[0m  [["key", "environment"], ["LIMIT", 1]]
  [1m[36mTRANSACTION (0.1ms)[0m  [1m[36mbegin transaction[0m
  [1m[36mActiveRecord::InternalMetadata Create (0.4ms)[0m  [1m[32mINSERT INTO "ar_internal_metadata" ("key", "value", "created_at", "updated_at") VALUES (?, ?, ?, ?)[0m  [["key", "environment"], ["value", "development"], ["created_at", "2021-05-17 23:35:42.234150"], ["updated_at", "2021-05-17 23:35:42.234150"]]
  [1m[36mTRANSACTION (0.7ms)[0m  [1m[36mcommit transaction[0m
  [1m[35m (0.0ms)[0m  [1m[34mSELECT sqlite_version(*)[0m
  [1m[35m (0.1ms)[0m  [1m[34mSELECT "schema_migrations"."version" FROM "schema_migrations" ORDER BY "schema_migrations"."version" ASC[0m
  [1m[35m (2.2ms)[0m  [1m[34mSELECT sqlite_version(*)[0m
  [1m[35m (0.9ms)[0m  [1m[34mSELECT "schema_migrations"."version" FROM "schema_migrations" ORDER BY "schema_migrations"."version" ASC[0m
  [1m[35m (0.1ms)[0m  [1m[34mSELECT sqlite_version(*)[0m
  [1m[36mTRANSACTION (0.1ms)[0m  [1m[36mbegin transaction[0m
  [1m[36mReview Create (4.9ms)[0m  [1m[32mINSERT INTO "reviews" ("customer_name", "content", "date", "created_at", "updated_at") VALUES (?, ?, ?, ?, ?)[0m  [["customer_name", "Mary"], ["content", "Example Text"], ["date", "4/26/2021"], ["created_at", "2021-05-17 23:42:07.681980"], ["updated_at", "2021-05-17 23:42:07.681980"]]
  [1m[36mTRANSACTION (1.4ms)[0m  [1m[36mcommit transaction[0m
  [1m[36mTRANSACTION (0.1ms)[0m  [1m[36mbegin transaction[0m
  [1m[36mService Create (1.2ms)[0m  [1m[32mINSERT INTO "services" ("name", "description", "cost", "created_at", "updated_at") VALUES (?, ?, ?, ?, ?)[0m  [["name", "installation"], ["description", "installed equipment"], ["cost", 0], ["created_at", "2021-05-17 23:42:07.705282"], ["updated_at", "2021-05-17 23:42:07.705282"]]
  [1m[36mTRANSACTION (0.9ms)[0m  [1m[36mcommit transaction[0m
Started GET "/" for 127.0.0.1 at 2021-05-17 19:42:23 -0400
  [1m[35m (1.3ms)[0m  [1m[34mSELECT sqlite_version(*)[0m
  [1m[35m (0.1ms)[0m  [1m[34mSELECT "schema_migrations"."version" FROM "schema_migrations" ORDER BY "schema_migrations"."version" ASC[0m
Processing by Rails::WelcomeController#index as HTML
  Rendering /Users/anikamc/.rvm/gems/ruby-2.6.1/gems/railties-6.1.3.2/lib/rails/templates/rails/welcome/index.html.erb
  Rendered /Users/anikamc/.rvm/gems/ruby-2.6.1/gems/railties-6.1.3.2/lib/rails/templates/rails/welcome/index.html.erb (Duration: 8.7ms | Allocations: 481)
Completed 200 OK in 41ms (Views: 14.1ms | ActiveRecord: 0.0ms | Allocations: 4156)


Started GET "/schedules" for 127.0.0.1 at 2021-05-17 19:42:29 -0400
  
ActionController::RoutingError (No route matches [GET] "/schedules"):
  
Started GET "/services" for 127.0.0.1 at 2021-05-17 19:42:30 -0400
Processing by ServicesController#index as HTML
  [1m[36mService Load (0.3ms)[0m  [1m[34mSELECT "services".* FROM "services"[0m
  ↳ app/controllers/services_controller.rb:8:in `index'
Completed 200 OK in 12ms (Views: 8.7ms | ActiveRecord: 1.0ms | Allocations: 5152)


Started GET "/review" for 127.0.0.1 at 2021-05-17 19:42:37 -0400
  
ActionController::RoutingError (No route matches [GET] "/review"):
  
Started GET "/reviews" for 127.0.0.1 at 2021-05-17 19:42:41 -0400
Processing by ReviewsController#index as HTML
  [1m[36mReview Load (0.2ms)[0m  [1m[34mSELECT "reviews".* FROM "reviews"[0m
  ↳ app/controllers/reviews_controller.rb:8:in `index'
Completed 200 OK in 9ms (Views: 6.8ms | ActiveRecord: 1.0ms | Allocations: 4156)


  [1m[35m (0.9ms)[0m  [1m[34mSELECT sqlite_version(*)[0m
  [1m[35m (0.8ms)[0m  [1m[34mSELECT "schema_migrations"."version" FROM "schema_migrations" ORDER BY "schema_migrations"."version" ASC[0m
  [1m[35m (0.8ms)[0m  [1m[34mSELECT "ar_internal_metadata"."value" FROM "ar_internal_metadata" WHERE "ar_internal_metadata"."key" = ?[0m  [["key", "environment"]]
  [1m[35m (0.1ms)[0m  [1m[34mSELECT "schema_migrations"."version" FROM "schema_migrations" ORDER BY "schema_migrations"."version" ASC[0m
  [1m[35m (0.1ms)[0m  [1m[34mSELECT "ar_internal_metadata"."value" FROM "ar_internal_metadata" WHERE "ar_internal_metadata"."key" = ?[0m  [["key", "environment"]]
  [1m[35m (0.1ms)[0m  [1m[34mSELECT "schema_migrations"."version" FROM "schema_migrations" ORDER BY "schema_migrations"."version" ASC[0m
  [1m[35m (0.1ms)[0m  [1m[34mSELECT "ar_internal_metadata"."value" FROM "ar_internal_metadata" WHERE "ar_internal_metadata"."key" = ?[0m  [["key", "environment"]]
  [1m[35m (0.1ms)[0m  [1m[34mSELECT sqlite_version(*)[0m
  [1m[35m (0.1ms)[0m  [1m[34mSELECT sqlite_version(*)[0m
  [1m[35m (0.4ms)[0m  [1m[34mSELECT sqlite_version(*)[0m
  [1m[35m (0.2ms)[0m  [1m[35mDROP TABLE IF EXISTS "reviews"[0m
  [1m[35m (1.3ms)[0m  [1m[35mCREATE TABLE "reviews" ("id" integer PRIMARY KEY AUTOINCREMENT NOT NULL, "customer_name" varchar, "content" varchar, "date" varchar, "created_at" datetime(6) NOT NULL, "updated_at" datetime(6) NOT NULL)[0m
  [1m[35m (0.1ms)[0m  [1m[35mDROP TABLE IF EXISTS "services"[0m
  [1m[35m (1.1ms)[0m  [1m[35mCREATE TABLE "services" ("id" integer PRIMARY KEY AUTOINCREMENT NOT NULL, "name" varchar, "description" varchar, "cost" integer, "created_at" datetime(6) NOT NULL, "updated_at" datetime(6) NOT NULL)[0m
  [1m[35m (1.1ms)[0m  [1m[35mCREATE TABLE "schema_migrations" ("version" varchar NOT NULL PRIMARY KEY)[0m
  [1m[35m (0.1ms)[0m  [1m[34mSELECT "schema_migrations"."version" FROM "schema_migrations" ORDER BY "schema_migrations"."version" ASC[0m
  [1m[35m (0.9ms)[0m  [1m[32mINSERT INTO "schema_migrations" (version) VALUES (20210516200623)[0m
  [1m[35m (1.0ms)[0m  [1m[32mINSERT INTO "schema_migrations" (version) VALUES
(20210516200533);

[0m
  [1m[35m (1.6ms)[0m  [1m[35mCREATE TABLE "ar_internal_metadata" ("key" varchar NOT NULL PRIMARY KEY, "value" varchar, "created_at" datetime(6) NOT NULL, "updated_at" datetime(6) NOT NULL)[0m
  [1m[36mActiveRecord::InternalMetadata Load (0.4ms)[0m  [1m[34mSELECT "ar_internal_metadata".* FROM "ar_internal_metadata" WHERE "ar_internal_metadata"."key" = ? LIMIT ?[0m  [["key", "environment"], ["LIMIT", 1]]
  [1m[36mTRANSACTION (0.1ms)[0m  [1m[36mbegin transaction[0m
  [1m[36mActiveRecord::InternalMetadata Create (0.4ms)[0m  [1m[32mINSERT INTO "ar_internal_metadata" ("key", "value", "created_at", "updated_at") VALUES (?, ?, ?, ?)[0m  [["key", "environment"], ["value", "development"], ["created_at", "2021-05-17 23:43:15.048392"], ["updated_at", "2021-05-17 23:43:15.048392"]]
  [1m[36mTRANSACTION (0.7ms)[0m  [1m[36mcommit transaction[0m
  [1m[36mActiveRecord::InternalMetadata Load (0.1ms)[0m  [1m[34mSELECT "ar_internal_metadata".* FROM "ar_internal_metadata" WHERE "ar_internal_metadata"."key" = ? LIMIT ?[0m  [["key", "environment"], ["LIMIT", 1]]
  [1m[36mActiveRecord::InternalMetadata Load (0.1ms)[0m  [1m[34mSELECT "ar_internal_metadata".* FROM "ar_internal_metadata" WHERE "ar_internal_metadata"."key" = ? LIMIT ?[0m  [["key", "schema_sha1"], ["LIMIT", 1]]
  [1m[36mTRANSACTION (0.0ms)[0m  [1m[36mbegin transaction[0m
  [1m[36mActiveRecord::InternalMetadata Create (0.3ms)[0m  [1m[32mINSERT INTO "ar_internal_metadata" ("key", "value", "created_at", "updated_at") VALUES (?, ?, ?, ?)[0m  [["key", "schema_sha1"], ["value", "91851569e641613416c10e0d1bf8f584ccafe9cf"], ["created_at", "2021-05-17 23:43:15.054363"], ["updated_at", "2021-05-17 23:43:15.054363"]]
  [1m[36mTRANSACTION (0.8ms)[0m  [1m[36mcommit transaction[0m
  [1m[35m (0.1ms)[0m  [1m[34mSELECT sqlite_version(*)[0m
  [1m[35m (0.1ms)[0m  [1m[35mDROP TABLE IF EXISTS "reviews"[0m
  [1m[35m (1.1ms)[0m  [1m[35mCREATE TABLE "reviews" ("id" integer PRIMARY KEY AUTOINCREMENT NOT NULL, "customer_name" varchar, "content" varchar, "date" varchar, "created_at" datetime(6) NOT NULL, "updated_at" datetime(6) NOT NULL)[0m
  [1m[35m (0.1ms)[0m  [1m[35mDROP TABLE IF EXISTS "services"[0m
  [1m[35m (1.0ms)[0m  [1m[35mCREATE TABLE "services" ("id" integer PRIMARY KEY AUTOINCREMENT NOT NULL, "name" varchar, "description" varchar, "cost" integer, "created_at" datetime(6) NOT NULL, "updated_at" datetime(6) NOT NULL)[0m
  [1m[35m (1.0ms)[0m  [1m[35mCREATE TABLE "schema_migrations" ("version" varchar NOT NULL PRIMARY KEY)[0m
  [1m[35m (0.1ms)[0m  [1m[34mSELECT "schema_migrations"."version" FROM "schema_migrations" ORDER BY "schema_migrations"."version" ASC[0m
  [1m[35m (1.0ms)[0m  [1m[32mINSERT INTO "schema_migrations" (version) VALUES (20210516200623)[0m
  [1m[35m (0.9ms)[0m  [1m[32mINSERT INTO "schema_migrations" (version) VALUES
(20210516200533);

[0m
  [1m[35m (1.1ms)[0m  [1m[35mCREATE TABLE "ar_internal_metadata" ("key" varchar NOT NULL PRIMARY KEY, "value" varchar, "created_at" datetime(6) NOT NULL, "updated_at" datetime(6) NOT NULL)[0m
  [1m[36mActiveRecord::InternalMetadata Load (0.1ms)[0m  [1m[34mSELECT "ar_internal_metadata".* FROM "ar_internal_metadata" WHERE "ar_internal_metadata"."key" = ? LIMIT ?[0m  [["key", "environment"], ["LIMIT", 1]]
  [1m[36mTRANSACTION (0.0ms)[0m  [1m[36mbegin transaction[0m
  [1m[36mActiveRecord::InternalMetadata Create (0.3ms)[0m  [1m[32mINSERT INTO "ar_internal_metadata" ("key", "value", "created_at", "updated_at") VALUES (?, ?, ?, ?)[0m  [["key", "environment"], ["value", "development"], ["created_at", "2021-05-17 23:43:15.071292"], ["updated_at", "2021-05-17 23:43:15.071292"]]
  [1m[36mTRANSACTION (0.7ms)[0m  [1m[36mcommit transaction[0m
  [1m[36mActiveRecord::InternalMetadata Load (0.1ms)[0m  [1m[34mSELECT "ar_internal_metadata".* FROM "ar_internal_metadata" WHERE "ar_internal_metadata"."key" = ? LIMIT ?[0m  [["key", "environment"], ["LIMIT", 1]]
  [1m[36mTRANSACTION (0.0ms)[0m  [1m[36mbegin transaction[0m
  [1m[36mActiveRecord::InternalMetadata Update (0.2ms)[0m  [1m[33mUPDATE "ar_internal_metadata" SET "value" = ?, "updated_at" = ? WHERE "ar_internal_metadata"."key" = ?[0m  [["value", "test"], ["updated_at", "2021-05-17 23:43:15.075146"], ["key", "environment"]]
  [1m[36mTRANSACTION (0.7ms)[0m  [1m[36mcommit transaction[0m
  [1m[36mActiveRecord::InternalMetadata Load (0.1ms)[0m  [1m[34mSELECT "ar_internal_metadata".* FROM "ar_internal_metadata" WHERE "ar_internal_metadata"."key" = ? LIMIT ?[0m  [["key", "schema_sha1"], ["LIMIT", 1]]
  [1m[36mTRANSACTION (0.0ms)[0m  [1m[36mbegin transaction[0m
  [1m[36mActiveRecord::InternalMetadata Create (0.2ms)[0m  [1m[32mINSERT INTO "ar_internal_metadata" ("key", "value", "created_at", "updated_at") VALUES (?, ?, ?, ?)[0m  [["key", "schema_sha1"], ["value", "91851569e641613416c10e0d1bf8f584ccafe9cf"], ["created_at", "2021-05-17 23:43:15.078801"], ["updated_at", "2021-05-17 23:43:15.078801"]]
  [1m[36mTRANSACTION (0.7ms)[0m  [1m[36mcommit transaction[0m
  [1m[35m (0.0ms)[0m  [1m[34mSELECT sqlite_version(*)[0m
  [1m[35m (0.1ms)[0m  [1m[34mSELECT "schema_migrations"."version" FROM "schema_migrations" ORDER BY "schema_migrations"."version" ASC[0m
  [1m[35m (0.1ms)[0m  [1m[34mSELECT sqlite_version(*)[0m
  [1m[36mTRANSACTION (0.1ms)[0m  [1m[36mbegin transaction[0m
  [1m[36mReview Create (0.3ms)[0m  [1m[32mINSERT INTO "reviews" ("customer_name", "content", "date", "created_at", "updated_at") VALUES (?, ?, ?, ?, ?)[0m  [["customer_name", "Mary"], ["content", "Example Text"], ["date", "4/26/2021"], ["created_at", "2021-05-17 23:43:15.106912"], ["updated_at", "2021-05-17 23:43:15.106912"]]
  [1m[36mTRANSACTION (0.8ms)[0m  [1m[36mcommit transaction[0m
  [1m[36mTRANSACTION (0.0ms)[0m  [1m[36mbegin transaction[0m
  [1m[36mService Create (0.3ms)[0m  [1m[32mINSERT INTO "services" ("name", "description", "created_at", "updated_at") VALUES (?, ?, ?, ?)[0m  [["name", "installation"], ["description", "installed equipment"], ["created_at", "2021-05-17 23:43:15.120946"], ["updated_at", "2021-05-17 23:43:15.120946"]]
  [1m[36mTRANSACTION (1.0ms)[0m  [1m[36mcommit transaction[0m
  [1m[35m (0.4ms)[0m  [1m[34mSELECT sqlite_version(*)[0m
  [1m[35m (0.1ms)[0m  [1m[34mSELECT "schema_migrations"."version" FROM "schema_migrations" ORDER BY "schema_migrations"."version" ASC[0m
  [1m[35m (0.0ms)[0m  [1m[34mSELECT sqlite_version(*)[0m
  [1m[36mTRANSACTION (0.0ms)[0m  [1m[36mbegin transaction[0m
  [1m[36mReview Create (0.4ms)[0m  [1m[32mINSERT INTO "reviews" ("customer_name", "content", "date", "created_at", "updated_at") VALUES (?, ?, ?, ?, ?)[0m  [["customer_name", "Mary"], ["content", "Example Text"], ["date", "4/26/2021"], ["created_at", "2021-05-17 23:43:21.887101"], ["updated_at", "2021-05-17 23:43:21.887101"]]
  [1m[36mTRANSACTION (1.5ms)[0m  [1m[36mcommit transaction[0m
  [1m[36mTRANSACTION (0.0ms)[0m  [1m[36mbegin transaction[0m
  [1m[36mService Create (0.3ms)[0m  [1m[32mINSERT INTO "services" ("name", "description", "created_at", "updated_at") VALUES (?, ?, ?, ?)[0m  [["name", "installation"], ["description", "installed equipment"], ["created_at", "2021-05-17 23:43:21.907506"], ["updated_at", "2021-05-17 23:43:21.907506"]]
  [1m[36mTRANSACTION (0.7ms)[0m  [1m[36mcommit transaction[0m
Started GET "/reviews" for 127.0.0.1 at 2021-05-17 19:43:31 -0400
  [1m[35m (0.7ms)[0m  [1m[34mSELECT sqlite_version(*)[0m
  [1m[35m (0.2ms)[0m  [1m[34mSELECT "schema_migrations"."version" FROM "schema_migrations" ORDER BY "schema_migrations"."version" ASC[0m
Processing by ReviewsController#index as HTML
  [1m[36mReview Load (0.3ms)[0m  [1m[34mSELECT "reviews".* FROM "reviews"[0m
  ↳ app/controllers/reviews_controller.rb:8:in `index'
Completed 200 OK in 21ms (Views: 10.9ms | ActiveRecord: 0.8ms | Allocations: 7260)


Started GET "/reviews" for 127.0.0.1 at 2021-05-17 19:43:34 -0400
Processing by ReviewsController#index as HTML
  [1m[36mReview Load (0.2ms)[0m  [1m[34mSELECT "reviews".* FROM "reviews"[0m
  ↳ app/controllers/reviews_controller.rb:8:in `index'
Completed 200 OK in 3ms (Views: 2.0ms | ActiveRecord: 0.2ms | Allocations: 865)


Started GET "/services" for 127.0.0.1 at 2021-05-17 19:43:42 -0400
Processing by ServicesController#index as HTML
  [1m[36mService Load (0.2ms)[0m  [1m[34mSELECT "services".* FROM "services"[0m
  ↳ app/controllers/services_controller.rb:8:in `index'
Completed 200 OK in 9ms (Views: 6.9ms | ActiveRecord: 0.8ms | Allocations: 4239)


  [1m[35m (0.9ms)[0m  [1m[34mSELECT sqlite_version(*)[0m
  [1m[35m (0.1ms)[0m  [1m[34mSELECT "schema_migrations"."version" FROM "schema_migrations" ORDER BY "schema_migrations"."version" ASC[0m
  [1m[35m (0.1ms)[0m  [1m[34mSELECT "ar_internal_metadata"."value" FROM "ar_internal_metadata" WHERE "ar_internal_metadata"."key" = ?[0m  [["key", "environment"]]
  [1m[35m (0.1ms)[0m  [1m[34mSELECT "schema_migrations"."version" FROM "schema_migrations" ORDER BY "schema_migrations"."version" ASC[0m
  [1m[35m (0.1ms)[0m  [1m[34mSELECT "ar_internal_metadata"."value" FROM "ar_internal_metadata" WHERE "ar_internal_metadata"."key" = ?[0m  [["key", "environment"]]
  [1m[35m (0.1ms)[0m  [1m[34mSELECT "schema_migrations"."version" FROM "schema_migrations" ORDER BY "schema_migrations"."version" ASC[0m
  [1m[35m (0.1ms)[0m  [1m[34mSELECT "ar_internal_metadata"."value" FROM "ar_internal_metadata" WHERE "ar_internal_metadata"."key" = ?[0m  [["key", "environment"]]
  [1m[35m (0.0ms)[0m  [1m[34mSELECT sqlite_version(*)[0m
  [1m[35m (0.0ms)[0m  [1m[34mSELECT sqlite_version(*)[0m
  [1m[35m (0.0ms)[0m  [1m[34mSELECT sqlite_version(*)[0m
  [1m[35m (0.1ms)[0m  [1m[35mDROP TABLE IF EXISTS "reviews"[0m
  [1m[35m (1.0ms)[0m  [1m[35mCREATE TABLE "reviews" ("id" integer PRIMARY KEY AUTOINCREMENT NOT NULL, "customer_name" varchar, "content" varchar, "date" varchar, "created_at" datetime(6) NOT NULL, "updated_at" datetime(6) NOT NULL)[0m
  [1m[35m (0.7ms)[0m  [1m[35mDROP TABLE IF EXISTS "services"[0m
  [1m[35m (0.9ms)[0m  [1m[35mCREATE TABLE "services" ("id" integer PRIMARY KEY AUTOINCREMENT NOT NULL, "name" varchar, "description" varchar, "cost" integer, "created_at" datetime(6) NOT NULL, "updated_at" datetime(6) NOT NULL)[0m
  [1m[35m (0.9ms)[0m  [1m[35mCREATE TABLE "schema_migrations" ("version" varchar NOT NULL PRIMARY KEY)[0m
  [1m[35m (0.1ms)[0m  [1m[34mSELECT "schema_migrations"."version" FROM "schema_migrations" ORDER BY "schema_migrations"."version" ASC[0m
  [1m[35m (0.7ms)[0m  [1m[32mINSERT INTO "schema_migrations" (version) VALUES (20210516200623)[0m
  [1m[35m (0.8ms)[0m  [1m[32mINSERT INTO "schema_migrations" (version) VALUES
(20210516200533);

[0m
  [1m[35m (0.7ms)[0m  [1m[35mCREATE TABLE "ar_internal_metadata" ("key" varchar NOT NULL PRIMARY KEY, "value" varchar, "created_at" datetime(6) NOT NULL, "updated_at" datetime(6) NOT NULL)[0m
  [1m[36mActiveRecord::InternalMetadata Load (0.1ms)[0m  [1m[34mSELECT "ar_internal_metadata".* FROM "ar_internal_metadata" WHERE "ar_internal_metadata"."key" = ? LIMIT ?[0m  [["key", "environment"], ["LIMIT", 1]]
  [1m[36mTRANSACTION (0.0ms)[0m  [1m[36mbegin transaction[0m
  [1m[36mActiveRecord::InternalMetadata Create (0.3ms)[0m  [1m[32mINSERT INTO "ar_internal_metadata" ("key", "value", "created_at", "updated_at") VALUES (?, ?, ?, ?)[0m  [["key", "environment"], ["value", "development"], ["created_at", "2021-05-17 23:44:03.921344"], ["updated_at", "2021-05-17 23:44:03.921344"]]
  [1m[36mTRANSACTION (0.8ms)[0m  [1m[36mcommit transaction[0m
  [1m[36mActiveRecord::InternalMetadata Load (0.1ms)[0m  [1m[34mSELECT "ar_internal_metadata".* FROM "ar_internal_metadata" WHERE "ar_internal_metadata"."key" = ? LIMIT ?[0m  [["key", "environment"], ["LIMIT", 1]]
  [1m[36mActiveRecord::InternalMetadata Load (0.1ms)[0m  [1m[34mSELECT "ar_internal_metadata".* FROM "ar_internal_metadata" WHERE "ar_internal_metadata"."key" = ? LIMIT ?[0m  [["key", "schema_sha1"], ["LIMIT", 1]]
  [1m[36mTRANSACTION (0.1ms)[0m  [1m[36mbegin transaction[0m
  [1m[36mActiveRecord::InternalMetadata Create (0.6ms)[0m  [1m[32mINSERT INTO "ar_internal_metadata" ("key", "value", "created_at", "updated_at") VALUES (?, ?, ?, ?)[0m  [["key", "schema_sha1"], ["value", "91851569e641613416c10e0d1bf8f584ccafe9cf"], ["created_at", "2021-05-17 23:44:03.928439"], ["updated_at", "2021-05-17 23:44:03.928439"]]
  [1m[36mTRANSACTION (1.2ms)[0m  [1m[36mcommit transaction[0m
  [1m[35m (0.1ms)[0m  [1m[34mSELECT sqlite_version(*)[0m
  [1m[35m (0.2ms)[0m  [1m[35mDROP TABLE IF EXISTS "reviews"[0m
  [1m[35m (1.2ms)[0m  [1m[35mCREATE TABLE "reviews" ("id" integer PRIMARY KEY AUTOINCREMENT NOT NULL, "customer_name" varchar, "content" varchar, "date" varchar, "created_at" datetime(6) NOT NULL, "updated_at" datetime(6) NOT NULL)[0m
  [1m[35m (0.7ms)[0m  [1m[35mDROP TABLE IF EXISTS "services"[0m
  [1m[35m (1.1ms)[0m  [1m[35mCREATE TABLE "services" ("id" integer PRIMARY KEY AUTOINCREMENT NOT NULL, "name" varchar, "description" varchar, "cost" integer, "created_at" datetime(6) NOT NULL, "updated_at" datetime(6) NOT NULL)[0m
  [1m[35m (0.9ms)[0m  [1m[35mCREATE TABLE "schema_migrations" ("version" varchar NOT NULL PRIMARY KEY)[0m
  [1m[35m (0.1ms)[0m  [1m[34mSELECT "schema_migrations"."version" FROM "schema_migrations" ORDER BY "schema_migrations"."version" ASC[0m
  [1m[35m (1.1ms)[0m  [1m[32mINSERT INTO "schema_migrations" (version) VALUES (20210516200623)[0m
  [1m[35m (1.2ms)[0m  [1m[32mINSERT INTO "schema_migrations" (version) VALUES
(20210516200533);

[0m
  [1m[35m (1.0ms)[0m  [1m[35mCREATE TABLE "ar_internal_metadata" ("key" varchar NOT NULL PRIMARY KEY, "value" varchar, "created_at" datetime(6) NOT NULL, "updated_at" datetime(6) NOT NULL)[0m
  [1m[36mActiveRecord::InternalMetadata Load (0.1ms)[0m  [1m[34mSELECT "ar_internal_metadata".* FROM "ar_internal_metadata" WHERE "ar_internal_metadata"."key" = ? LIMIT ?[0m  [["key", "environment"], ["LIMIT", 1]]
  [1m[36mTRANSACTION (0.0ms)[0m  [1m[36mbegin transaction[0m
  [1m[36mActiveRecord::InternalMetadata Create (0.3ms)[0m  [1m[32mINSERT INTO "ar_internal_metadata" ("key", "value", "created_at", "updated_at") VALUES (?, ?, ?, ?)[0m  [["key", "environment"], ["value", "development"], ["created_at", "2021-05-17 23:44:03.954746"], ["updated_at", "2021-05-17 23:44:03.954746"]]
  [1m[36mTRANSACTION (0.7ms)[0m  [1m[36mcommit transaction[0m
  [1m[36mActiveRecord::InternalMetadata Load (0.1ms)[0m  [1m[34mSELECT "ar_internal_metadata".* FROM "ar_internal_metadata" WHERE "ar_internal_metadata"."key" = ? LIMIT ?[0m  [["key", "environment"], ["LIMIT", 1]]
  [1m[36mTRANSACTION (0.0ms)[0m  [1m[36mbegin transaction[0m
  [1m[36mActiveRecord::InternalMetadata Update (0.3ms)[0m  [1m[33mUPDATE "ar_internal_metadata" SET "value" = ?, "updated_at" = ? WHERE "ar_internal_metadata"."key" = ?[0m  [["value", "test"], ["updated_at", "2021-05-17 23:44:03.959290"], ["key", "environment"]]
  [1m[36mTRANSACTION (0.5ms)[0m  [1m[36mcommit transaction[0m
  [1m[36mActiveRecord::InternalMetadata Load (0.1ms)[0m  [1m[34mSELECT "ar_internal_metadata".* FROM "ar_internal_metadata" WHERE "ar_internal_metadata"."key" = ? LIMIT ?[0m  [["key", "schema_sha1"], ["LIMIT", 1]]
  [1m[36mTRANSACTION (0.0ms)[0m  [1m[36mbegin transaction[0m
  [1m[36mActiveRecord::InternalMetadata Create (0.3ms)[0m  [1m[32mINSERT INTO "ar_internal_metadata" ("key", "value", "created_at", "updated_at") VALUES (?, ?, ?, ?)[0m  [["key", "schema_sha1"], ["value", "91851569e641613416c10e0d1bf8f584ccafe9cf"], ["created_at", "2021-05-17 23:44:03.963478"], ["updated_at", "2021-05-17 23:44:03.963478"]]
  [1m[36mTRANSACTION (0.5ms)[0m  [1m[36mcommit transaction[0m
  [1m[35m (0.1ms)[0m  [1m[34mSELECT sqlite_version(*)[0m
  [1m[35m (0.1ms)[0m  [1m[34mSELECT "schema_migrations"."version" FROM "schema_migrations" ORDER BY "schema_migrations"."version" ASC[0m
  [1m[35m (0.1ms)[0m  [1m[34mSELECT sqlite_version(*)[0m
  [1m[36mTRANSACTION (0.0ms)[0m  [1m[36mbegin transaction[0m
  [1m[36mReview Create (0.4ms)[0m  [1m[32mINSERT INTO "reviews" ("customer_name", "content", "date", "created_at", "updated_at") VALUES (?, ?, ?, ?, ?)[0m  [["customer_name", "Mary"], ["content", "Example Text"], ["date", "4/26/2021"], ["created_at", "2021-05-17 23:44:04.014244"], ["updated_at", "2021-05-17 23:44:04.014244"]]
  [1m[36mTRANSACTION (0.7ms)[0m  [1m[36mcommit transaction[0m
  [1m[36mTRANSACTION (0.0ms)[0m  [1m[36mbegin transaction[0m
  [1m[36mService Create (0.3ms)[0m  [1m[32mINSERT INTO "services" ("name", "description", "cost", "created_at", "updated_at") VALUES (?, ?, ?, ?, ?)[0m  [["name", "installation"], ["description", "installed equipment"], ["cost", 120], ["created_at", "2021-05-17 23:44:04.022201"], ["updated_at", "2021-05-17 23:44:04.022201"]]
  [1m[36mTRANSACTION (0.6ms)[0m  [1m[36mcommit transaction[0m
Started GET "/services" for 127.0.0.1 at 2021-05-17 19:44:10 -0400
  [1m[35m (0.4ms)[0m  [1m[34mSELECT sqlite_version(*)[0m
  [1m[35m (0.1ms)[0m  [1m[34mSELECT "schema_migrations"."version" FROM "schema_migrations" ORDER BY "schema_migrations"."version" ASC[0m
Processing by ServicesController#index as HTML
  [1m[36mService Load (0.2ms)[0m  [1m[34mSELECT "services".* FROM "services"[0m
  ↳ app/controllers/services_controller.rb:8:in `index'
Completed 200 OK in 37ms (Views: 6.5ms | ActiveRecord: 0.6ms | Allocations: 7169)


Started GET "/reviews" for 127.0.0.1 at 2021-05-17 19:44:18 -0400
Processing by ReviewsController#index as HTML
  [1m[36mReview Load (0.3ms)[0m  [1m[34mSELECT "reviews".* FROM "reviews"[0m
  ↳ app/controllers/reviews_controller.rb:8:in `index'
Completed 200 OK in 11ms (Views: 8.1ms | ActiveRecord: 1.0ms | Allocations: 4119)


Started GET "/" for ::1 at 2021-05-17 22:09:38 -0400
  [1m[35m (1.0ms)[0m  [1m[34mSELECT sqlite_version(*)[0m
  [1m[35m (0.5ms)[0m  [1m[34mSELECT "schema_migrations"."version" FROM "schema_migrations" ORDER BY "schema_migrations"."version" ASC[0m
Processing by Rails::WelcomeController#index as HTML
  Rendering /Users/anikamc/.rvm/gems/ruby-2.6.1/gems/railties-6.1.3.2/lib/rails/templates/rails/welcome/index.html.erb
  Rendered /Users/anikamc/.rvm/gems/ruby-2.6.1/gems/railties-6.1.3.2/lib/rails/templates/rails/welcome/index.html.erb (Duration: 6.9ms | Allocations: 316)
Completed 200 OK in 28ms (Views: 11.3ms | ActiveRecord: 0.0ms | Allocations: 2570)


Started GET "/reviews" for 127.0.0.1 at 2021-05-18 21:39:18 -0400
  [1m[35m (1.3ms)[0m  [1m[34mSELECT sqlite_version(*)[0m
  [1m[35m (0.4ms)[0m  [1m[34mSELECT "schema_migrations"."version" FROM "schema_migrations" ORDER BY "schema_migrations"."version" ASC[0m
Processing by ReviewsController#index as */*
  [1m[36mReview Load (0.6ms)[0m  [1m[34mSELECT "reviews".* FROM "reviews"[0m
  ↳ app/controllers/reviews_controller.rb:8:in `index'
Completed 200 OK in 15ms (Views: 6.4ms | ActiveRecord: 1.1ms | Allocations: 7153)


Started GET "/reviews" for 127.0.0.1 at 2021-05-18 21:39:32 -0400
Processing by ReviewsController#index as */*
  [1m[36mReview Load (0.4ms)[0m  [1m[34mSELECT "reviews".* FROM "reviews"[0m
  ↳ app/controllers/reviews_controller.rb:8:in `index'
Completed 200 OK in 4ms (Views: 2.8ms | ActiveRecord: 0.4ms | Allocations: 737)


Started GET "/reviews" for 127.0.0.1 at 2021-05-18 21:39:55 -0400
Processing by ReviewsController#index as */*
  [1m[36mReview Load (0.2ms)[0m  [1m[34mSELECT "reviews".* FROM "reviews"[0m
  ↳ app/controllers/reviews_controller.rb:8:in `index'
Completed 200 OK in 3ms (Views: 2.6ms | ActiveRecord: 0.2ms | Allocations: 737)


Started GET "/reviews" for 127.0.0.1 at 2021-05-18 22:33:34 -0400
Processing by ReviewsController#index as */*
  [1m[35m (0.5ms)[0m  [1m[34mSELECT sqlite_version(*)[0m
  ↳ app/controllers/reviews_controller.rb:8:in `index'
  [1m[36mReview Load (1.0ms)[0m  [1m[34mSELECT "reviews".* FROM "reviews"[0m
  ↳ app/controllers/reviews_controller.rb:8:in `index'
Completed 200 OK in 42ms (Views: 31.5ms | ActiveRecord: 3.3ms | Allocations: 1317)


Started GET "/children" for 127.0.0.1 at 2021-05-20 11:46:23 -0400
Started GET "/schedules" for 127.0.0.1 at 2021-05-20 11:46:23 -0400
  
ActionController::RoutingError (No route matches [GET] "/schedules"):
  
  
ActionController::RoutingError (No route matches [GET] "/children"):
  
Started GET "/children" for 127.0.0.1 at 2021-05-21 09:48:35 -0400
Started GET "/schedules" for 127.0.0.1 at 2021-05-21 09:48:35 -0400
  
ActionController::RoutingError (No route matches [GET] "/children"):
  
  
ActionController::RoutingError (No route matches [GET] "/schedules"):
  
Started GET "/" for ::1 at 2021-05-21 09:53:12 -0400
Processing by Rails::WelcomeController#index as HTML
  Rendering /Users/anikamc/.rvm/gems/ruby-2.6.1/gems/railties-6.1.3.2/lib/rails/templates/rails/welcome/index.html.erb
  Rendered /Users/anikamc/.rvm/gems/ruby-2.6.1/gems/railties-6.1.3.2/lib/rails/templates/rails/welcome/index.html.erb (Duration: 22.6ms | Allocations: 316)
Completed 200 OK in 156ms (Views: 51.5ms | Allocations: 2448)


Started GET "/schedules" for ::1 at 2021-05-21 09:53:19 -0400
  
ActionController::RoutingError (No route matches [GET] "/schedules"):
  
Started GET "/reviews" for 127.0.0.1 at 2021-05-26 19:48:08 -0400
  [1m[35m (1.3ms)[0m  [1m[34mSELECT sqlite_version(*)[0m
  [1m[35m (0.4ms)[0m  [1m[34mSELECT "schema_migrations"."version" FROM "schema_migrations" ORDER BY "schema_migrations"."version" ASC[0m
Processing by ReviewsController#index as */*
  [1m[36mReview Load (0.6ms)[0m  [1m[34mSELECT "reviews".* FROM "reviews"[0m
  ↳ app/controllers/reviews_controller.rb:8:in `index'
Completed 200 OK in 17ms (Views: 8.8ms | ActiveRecord: 1.0ms | Allocations: 7149)


Started GET "/reviews" for 127.0.0.1 at 2021-05-26 19:52:07 -0400
Processing by ReviewsController#index as */*
  [1m[36mReview Load (0.3ms)[0m  [1m[34mSELECT "reviews".* FROM "reviews"[0m
  ↳ app/controllers/reviews_controller.rb:8:in `index'
Completed 200 OK in 4ms (Views: 2.6ms | ActiveRecord: 0.3ms | Allocations: 737)


Started GET "/reviews" for 127.0.0.1 at 2021-05-26 19:52:30 -0400
Processing by ReviewsController#index as */*
  [1m[36mReview Load (0.1ms)[0m  [1m[34mSELECT "reviews".* FROM "reviews"[0m
  ↳ app/controllers/reviews_controller.rb:8:in `index'
Completed 200 OK in 2ms (Views: 1.6ms | ActiveRecord: 0.1ms | Allocations: 737)


Started GET "/reviews" for 127.0.0.1 at 2021-05-26 19:52:37 -0400
Processing by ReviewsController#index as */*
  [1m[36mReview Load (0.2ms)[0m  [1m[34mSELECT "reviews".* FROM "reviews"[0m
  ↳ app/controllers/reviews_controller.rb:8:in `index'
Completed 200 OK in 3ms (Views: 2.3ms | ActiveRecord: 0.2ms | Allocations: 737)


Started GET "/reviews" for 127.0.0.1 at 2021-05-26 19:52:53 -0400
Processing by ReviewsController#index as */*
  [1m[36mReview Load (0.2ms)[0m  [1m[34mSELECT "reviews".* FROM "reviews"[0m
  ↳ app/controllers/reviews_controller.rb:8:in `index'
Completed 200 OK in 2ms (Views: 1.7ms | ActiveRecord: 0.2ms | Allocations: 737)


Started GET "/reviews" for 127.0.0.1 at 2021-05-26 19:53:12 -0400
Processing by ReviewsController#index as */*
  [1m[36mReview Load (0.1ms)[0m  [1m[34mSELECT "reviews".* FROM "reviews"[0m
  ↳ app/controllers/reviews_controller.rb:8:in `index'
Completed 200 OK in 3ms (Views: 2.4ms | ActiveRecord: 0.1ms | Allocations: 719)


Started GET "/reviews" for 127.0.0.1 at 2021-05-26 19:53:52 -0400
Processing by ReviewsController#index as */*
  [1m[36mReview Load (0.2ms)[0m  [1m[34mSELECT "reviews".* FROM "reviews"[0m
  ↳ app/controllers/reviews_controller.rb:8:in `index'
Completed 200 OK in 4ms (Views: 3.1ms | ActiveRecord: 0.2ms | Allocations: 719)


Started GET "/reviews" for 127.0.0.1 at 2021-05-26 19:53:57 -0400
Processing by ReviewsController#index as */*
  [1m[36mReview Load (0.2ms)[0m  [1m[34mSELECT "reviews".* FROM "reviews"[0m
  ↳ app/controllers/reviews_controller.rb:8:in `index'
Completed 200 OK in 2ms (Views: 1.8ms | ActiveRecord: 0.2ms | Allocations: 719)


Started GET "/reviews" for 127.0.0.1 at 2021-05-26 19:57:44 -0400
Processing by ReviewsController#index as */*
  [1m[36mReview Load (0.3ms)[0m  [1m[34mSELECT "reviews".* FROM "reviews"[0m
  ↳ app/controllers/reviews_controller.rb:8:in `index'
Completed 200 OK in 3ms (Views: 2.5ms | ActiveRecord: 0.3ms | Allocations: 719)


Started GET "/reviews" for 127.0.0.1 at 2021-05-26 19:57:46 -0400
Processing by ReviewsController#index as */*
  [1m[36mReview Load (0.2ms)[0m  [1m[34mSELECT "reviews".* FROM "reviews"[0m
  ↳ app/controllers/reviews_controller.rb:8:in `index'
Completed 200 OK in 4ms (Views: 3.1ms | ActiveRecord: 0.2ms | Allocations: 719)


Started GET "/reviews" for 127.0.0.1 at 2021-05-26 19:57:47 -0400
Processing by ReviewsController#index as */*
  [1m[36mReview Load (0.3ms)[0m  [1m[34mSELECT "reviews".* FROM "reviews"[0m
  ↳ app/controllers/reviews_controller.rb:8:in `index'
Completed 200 OK in 3ms (Views: 2.4ms | ActiveRecord: 0.3ms | Allocations: 719)


Started GET "/reviews" for 127.0.0.1 at 2021-05-26 19:58:29 -0400
Processing by ReviewsController#index as */*
  [1m[36mReview Load (0.2ms)[0m  [1m[34mSELECT "reviews".* FROM "reviews"[0m
  ↳ app/controllers/reviews_controller.rb:8:in `index'
Completed 200 OK in 2ms (Views: 1.8ms | ActiveRecord: 0.2ms | Allocations: 719)


Started GET "/reviews" for 127.0.0.1 at 2021-05-26 19:58:47 -0400
Processing by ReviewsController#index as */*
  [1m[36mReview Load (0.2ms)[0m  [1m[34mSELECT "reviews".* FROM "reviews"[0m
  ↳ app/controllers/reviews_controller.rb:8:in `index'
Completed 200 OK in 3ms (Views: 2.2ms | ActiveRecord: 0.2ms | Allocations: 719)


Started GET "/reviews" for 127.0.0.1 at 2021-05-26 19:58:56 -0400
Processing by ReviewsController#index as */*
  [1m[36mReview Load (0.2ms)[0m  [1m[34mSELECT "reviews".* FROM "reviews"[0m
  ↳ app/controllers/reviews_controller.rb:8:in `index'
Completed 200 OK in 6ms (Views: 4.4ms | ActiveRecord: 0.2ms | Allocations: 719)


Started GET "/reviews" for 127.0.0.1 at 2021-05-26 19:59:19 -0400
Processing by ReviewsController#index as */*
  [1m[36mReview Load (0.2ms)[0m  [1m[34mSELECT "reviews".* FROM "reviews"[0m
  ↳ app/controllers/reviews_controller.rb:8:in `index'
Completed 200 OK in 4ms (Views: 2.9ms | ActiveRecord: 0.2ms | Allocations: 719)


Started GET "/reviews" for 127.0.0.1 at 2021-05-26 20:05:58 -0400
Processing by ReviewsController#index as */*
  [1m[35m (0.2ms)[0m  [1m[34mSELECT sqlite_version(*)[0m
  ↳ app/controllers/reviews_controller.rb:8:in `index'
  [1m[36mReview Load (0.5ms)[0m  [1m[34mSELECT "reviews".* FROM "reviews"[0m
  ↳ app/controllers/reviews_controller.rb:8:in `index'
Completed 200 OK in 16ms (Views: 14.6ms | ActiveRecord: 1.7ms | Allocations: 1298)


Started GET "/reviews" for 127.0.0.1 at 2021-05-26 20:09:29 -0400
Processing by ReviewsController#index as */*
  [1m[36mReview Load (2.4ms)[0m  [1m[34mSELECT "reviews".* FROM "reviews"[0m
  ↳ app/controllers/reviews_controller.rb:8:in `index'
Completed 200 OK in 10ms (Views: 4.9ms | ActiveRecord: 2.4ms | Allocations: 719)


Started GET "/reviews" for 127.0.0.1 at 2021-05-26 20:12:10 -0400
Processing by ReviewsController#index as */*
  [1m[36mReview Load (0.2ms)[0m  [1m[34mSELECT "reviews".* FROM "reviews"[0m
  ↳ app/controllers/reviews_controller.rb:8:in `index'
Completed 200 OK in 4ms (Views: 3.3ms | ActiveRecord: 0.2ms | Allocations: 719)


Started GET "/reviews" for 127.0.0.1 at 2021-05-26 20:26:39 -0400
Processing by ReviewsController#index as */*
  [1m[35m (0.2ms)[0m  [1m[34mSELECT sqlite_version(*)[0m
  ↳ app/controllers/reviews_controller.rb:8:in `index'
  [1m[36mReview Load (0.6ms)[0m  [1m[34mSELECT "reviews".* FROM "reviews"[0m
  ↳ app/controllers/reviews_controller.rb:8:in `index'
Completed 200 OK in 17ms (Views: 14.3ms | ActiveRecord: 1.5ms | Allocations: 1299)


Started GET "/reviews" for 127.0.0.1 at 2021-05-26 20:29:25 -0400
Processing by ReviewsController#index as */*
  [1m[36mReview Load (0.3ms)[0m  [1m[34mSELECT "reviews".* FROM "reviews"[0m
  ↳ app/controllers/reviews_controller.rb:8:in `index'
Completed 200 OK in 8ms (Views: 7.3ms | ActiveRecord: 0.3ms | Allocations: 719)


Started POST "/reviews" for 127.0.0.1 at 2021-05-26 20:29:37 -0400
Processing by ReviewsController#create as */*
  Parameters: {"customer_name"=>"anika", "content"=>"Fun stuff!", "date"=>"4/1/21", "review"=>{"customer_name"=>"anika", "content"=>"Fun stuff!", "date"=>"4/1/21"}}
  [1m[36mTRANSACTION (0.1ms)[0m  [1m[36mbegin transaction[0m
  ↳ app/controllers/reviews_controller.rb:20:in `create'
  [1m[36mReview Create (6.5ms)[0m  [1m[32mINSERT INTO "reviews" ("customer_name", "content", "date", "created_at", "updated_at") VALUES (?, ?, ?, ?, ?)[0m  [["customer_name", "anika"], ["content", "Fun stuff!"], ["date", "4/1/21"], ["created_at", "2021-05-27 00:29:37.751798"], ["updated_at", "2021-05-27 00:29:37.751798"]]
  ↳ app/controllers/reviews_controller.rb:20:in `create'
  [1m[36mTRANSACTION (0.9ms)[0m  [1m[36mcommit transaction[0m
  ↳ app/controllers/reviews_controller.rb:20:in `create'
Completed 201 Created in 23ms (Views: 0.9ms | ActiveRecord: 7.5ms | Allocations: 2048)


Started GET "/reviews" for 127.0.0.1 at 2021-05-26 20:29:57 -0400
Processing by ReviewsController#index as */*
  [1m[36mReview Load (1.5ms)[0m  [1m[34mSELECT "reviews".* FROM "reviews"[0m
  ↳ app/controllers/reviews_controller.rb:8:in `index'
Completed 200 OK in 6ms (Views: 4.5ms | ActiveRecord: 1.5ms | Allocations: 851)


Started POST "/reviews" for 127.0.0.1 at 2021-05-26 20:30:02 -0400
Processing by ReviewsController#create as */*
  Parameters: {"customer_name"=>"Anika Morris-Christopher", "content"=>"Fun stuff!", "date"=>"4/1/21", "review"=>{"customer_name"=>"Anika Morris-Christopher", "content"=>"Fun stuff!", "date"=>"4/1/21"}}
  [1m[36mTRANSACTION (0.1ms)[0m  [1m[36mbegin transaction[0m
  ↳ app/controllers/reviews_controller.rb:20:in `create'
  [1m[36mReview Create (0.6ms)[0m  [1m[32mINSERT INTO "reviews" ("customer_name", "content", "date", "created_at", "updated_at") VALUES (?, ?, ?, ?, ?)[0m  [["customer_name", "Anika Morris-Christopher"], ["content", "Fun stuff!"], ["date", "4/1/21"], ["created_at", "2021-05-27 00:30:02.700178"], ["updated_at", "2021-05-27 00:30:02.700178"]]
  ↳ app/controllers/reviews_controller.rb:20:in `create'
  [1m[36mTRANSACTION (2.0ms)[0m  [1m[36mcommit transaction[0m
  ↳ app/controllers/reviews_controller.rb:20:in `create'
Completed 201 Created in 11ms (Views: 0.5ms | ActiveRecord: 2.7ms | Allocations: 1786)


Started POST "/reviews" for 127.0.0.1 at 2021-05-26 20:31:58 -0400
Processing by ReviewsController#create as */*
  Parameters: {"customer_name"=>"Anika Morris-Christopher", "content"=>"Fun stuff!", "date"=>"4/1/21", "review"=>{"customer_name"=>"Anika Morris-Christopher", "content"=>"Fun stuff!", "date"=>"4/1/21"}}
  [1m[36mTRANSACTION (0.1ms)[0m  [1m[36mbegin transaction[0m
  ↳ app/controllers/reviews_controller.rb:20:in `create'
  [1m[36mReview Create (0.6ms)[0m  [1m[32mINSERT INTO "reviews" ("customer_name", "content", "date", "created_at", "updated_at") VALUES (?, ?, ?, ?, ?)[0m  [["customer_name", "Anika Morris-Christopher"], ["content", "Fun stuff!"], ["date", "4/1/21"], ["created_at", "2021-05-27 00:31:58.180488"], ["updated_at", "2021-05-27 00:31:58.180488"]]
  ↳ app/controllers/reviews_controller.rb:20:in `create'
  [1m[36mTRANSACTION (1.0ms)[0m  [1m[36mcommit transaction[0m
  ↳ app/controllers/reviews_controller.rb:20:in `create'
Completed 201 Created in 13ms (Views: 0.5ms | ActiveRecord: 1.7ms | Allocations: 1786)


Started GET "/reviews" for 127.0.0.1 at 2021-05-26 20:34:08 -0400
Processing by ReviewsController#index as */*
  [1m[36mReview Load (0.2ms)[0m  [1m[34mSELECT "reviews".* FROM "reviews"[0m
  ↳ app/controllers/reviews_controller.rb:8:in `index'
Completed 200 OK in 7ms (Views: 6.5ms | ActiveRecord: 0.2ms | Allocations: 1120)


Started GET "/reviews" for 127.0.0.1 at 2021-05-26 20:34:42 -0400
Processing by ReviewsController#index as */*
  [1m[36mReview Load (0.2ms)[0m  [1m[34mSELECT "reviews".* FROM "reviews"[0m
  ↳ app/controllers/reviews_controller.rb:8:in `index'
Completed 200 OK in 6ms (Views: 5.2ms | ActiveRecord: 0.2ms | Allocations: 1120)


Started POST "/reviews" for 127.0.0.1 at 2021-05-26 20:34:48 -0400
Processing by ReviewsController#create as */*
  Parameters: {"customer_name"=>"Anika Morris-Christopher", "content"=>"Fun stuff!", "date"=>"4/1/21", "review"=>{"customer_name"=>"Anika Morris-Christopher", "content"=>"Fun stuff!", "date"=>"4/1/21"}}
  [1m[36mTRANSACTION (0.2ms)[0m  [1m[36mbegin transaction[0m
  ↳ app/controllers/reviews_controller.rb:20:in `create'
  [1m[36mReview Create (0.5ms)[0m  [1m[32mINSERT INTO "reviews" ("customer_name", "content", "date", "created_at", "updated_at") VALUES (?, ?, ?, ?, ?)[0m  [["customer_name", "Anika Morris-Christopher"], ["content", "Fun stuff!"], ["date", "4/1/21"], ["created_at", "2021-05-27 00:34:48.181247"], ["updated_at", "2021-05-27 00:34:48.181247"]]
  ↳ app/controllers/reviews_controller.rb:20:in `create'
  [1m[36mTRANSACTION (1.5ms)[0m  [1m[36mcommit transaction[0m
  ↳ app/controllers/reviews_controller.rb:20:in `create'
Completed 201 Created in 27ms (Views: 0.4ms | ActiveRecord: 2.2ms | Allocations: 1787)


Started GET "/reviews" for 127.0.0.1 at 2021-05-30 02:25:21 -0400
  [1m[35m (1.3ms)[0m  [1m[34mSELECT sqlite_version(*)[0m
  [1m[35m (0.5ms)[0m  [1m[34mSELECT "schema_migrations"."version" FROM "schema_migrations" ORDER BY "schema_migrations"."version" ASC[0m
Processing by ReviewsController#index as */*
  [1m[36mReview Load (1.0ms)[0m  [1m[34mSELECT "reviews".* FROM "reviews"[0m
  ↳ app/controllers/reviews_controller.rb:8:in `index'
Completed 200 OK in 18ms (Views: 7.9ms | ActiveRecord: 1.5ms | Allocations: 7718)


Started GET "/reviews" for 127.0.0.1 at 2021-05-30 02:25:35 -0400
Processing by ReviewsController#index as */*
  [1m[36mReview Load (0.2ms)[0m  [1m[34mSELECT "reviews".* FROM "reviews"[0m
  ↳ app/controllers/reviews_controller.rb:8:in `index'
Completed 200 OK in 5ms (Views: 4.0ms | ActiveRecord: 0.2ms | Allocations: 1272)


Started GET "/reviews" for 127.0.0.1 at 2021-05-30 02:45:21 -0400
Processing by ReviewsController#index as */*
  [1m[35m (0.3ms)[0m  [1m[34mSELECT sqlite_version(*)[0m
  ↳ app/controllers/reviews_controller.rb:8:in `index'
  [1m[36mReview Load (0.2ms)[0m  [1m[34mSELECT "reviews".* FROM "reviews"[0m
  ↳ app/controllers/reviews_controller.rb:8:in `index'
Completed 200 OK in 18ms (Views: 14.6ms | ActiveRecord: 1.8ms | Allocations: 1852)


Started GET "/reviews" for 127.0.0.1 at 2021-05-30 02:45:37 -0400
Processing by ReviewsController#index as */*
  [1m[36mReview Load (0.2ms)[0m  [1m[34mSELECT "reviews".* FROM "reviews"[0m
  ↳ app/controllers/reviews_controller.rb:8:in `index'
Completed 200 OK in 3ms (Views: 2.8ms | ActiveRecord: 0.2ms | Allocations: 1272)


Started GET "/reviews" for 127.0.0.1 at 2021-05-30 02:46:22 -0400
Processing by ReviewsController#index as */*
  [1m[36mReview Load (0.2ms)[0m  [1m[34mSELECT "reviews".* FROM "reviews"[0m
  ↳ app/controllers/reviews_controller.rb:8:in `index'
Completed 200 OK in 3ms (Views: 2.3ms | ActiveRecord: 0.2ms | Allocations: 1272)


Started GET "/reviews" for 127.0.0.1 at 2021-05-30 02:46:23 -0400
Processing by ReviewsController#index as */*
  [1m[36mReview Load (0.2ms)[0m  [1m[34mSELECT "reviews".* FROM "reviews"[0m
  ↳ app/controllers/reviews_controller.rb:8:in `index'
Completed 200 OK in 5ms (Views: 4.0ms | ActiveRecord: 0.2ms | Allocations: 1254)


Started GET "/reviews" for 127.0.0.1 at 2021-05-30 02:46:47 -0400
Processing by ReviewsController#index as */*
  [1m[36mReview Load (0.2ms)[0m  [1m[34mSELECT "reviews".* FROM "reviews"[0m
  ↳ app/controllers/reviews_controller.rb:8:in `index'
Completed 200 OK in 3ms (Views: 2.5ms | ActiveRecord: 0.2ms | Allocations: 1254)


Started GET "/reviews" for 127.0.0.1 at 2021-05-30 02:47:02 -0400
Processing by ReviewsController#index as */*
  [1m[36mReview Load (0.1ms)[0m  [1m[34mSELECT "reviews".* FROM "reviews"[0m
  ↳ app/controllers/reviews_controller.rb:8:in `index'
Completed 200 OK in 17ms (Views: 7.3ms | ActiveRecord: 0.1ms | Allocations: 1254)


Started GET "/reviews" for 127.0.0.1 at 2021-05-30 02:52:42 -0400
Processing by ReviewsController#index as */*
  [1m[35m (0.1ms)[0m  [1m[34mSELECT sqlite_version(*)[0m
  ↳ app/controllers/reviews_controller.rb:8:in `index'
  [1m[36mReview Load (0.6ms)[0m  [1m[34mSELECT "reviews".* FROM "reviews"[0m
  ↳ app/controllers/reviews_controller.rb:8:in `index'
Completed 200 OK in 18ms (Views: 17.8ms | ActiveRecord: 1.2ms | Allocations: 1835)


Started GET "/reviews" for 127.0.0.1 at 2021-05-30 02:52:53 -0400
Processing by ReviewsController#index as */*
  [1m[36mReview Load (0.2ms)[0m  [1m[34mSELECT "reviews".* FROM "reviews"[0m
  ↳ app/controllers/reviews_controller.rb:8:in `index'
Completed 200 OK in 13ms (Views: 12.5ms | ActiveRecord: 0.2ms | Allocations: 1254)


Started POST "/reviews" for 127.0.0.1 at 2021-05-30 02:52:59 -0400
Processing by ReviewsController#create as */*
  Parameters: {"customer_name"=>"Anika Morris-Christopher", "content"=>"Fun stuff!", "date"=>"4/1/21", "review"=>{"customer_name"=>"Anika Morris-Christopher", "content"=>"Fun stuff!", "date"=>"4/1/21"}}
  [1m[36mTRANSACTION (0.1ms)[0m  [1m[36mbegin transaction[0m
  ↳ app/controllers/reviews_controller.rb:20:in `create'
  [1m[36mReview Create (0.6ms)[0m  [1m[32mINSERT INTO "reviews" ("customer_name", "content", "date", "created_at", "updated_at") VALUES (?, ?, ?, ?, ?)[0m  [["customer_name", "Anika Morris-Christopher"], ["content", "Fun stuff!"], ["date", "4/1/21"], ["created_at", "2021-05-30 06:52:59.501676"], ["updated_at", "2021-05-30 06:52:59.501676"]]
  ↳ app/controllers/reviews_controller.rb:20:in `create'
  [1m[36mTRANSACTION (0.8ms)[0m  [1m[36mcommit transaction[0m
  ↳ app/controllers/reviews_controller.rb:20:in `create'
Completed 201 Created in 13ms (Views: 1.3ms | ActiveRecord: 1.5ms | Allocations: 2050)


Started GET "/reviews" for 127.0.0.1 at 2021-05-30 02:55:46 -0400
Processing by ReviewsController#index as */*
  [1m[36mReview Load (2.0ms)[0m  [1m[34mSELECT "reviews".* FROM "reviews"[0m
  ↳ app/controllers/reviews_controller.rb:8:in `index'
Completed 200 OK in 11ms (Views: 9.0ms | ActiveRecord: 2.0ms | Allocations: 1388)


Started GET "/reviews" for 127.0.0.1 at 2021-05-30 02:56:40 -0400
Processing by ReviewsController#index as */*
  [1m[36mReview Load (0.3ms)[0m  [1m[34mSELECT "reviews".* FROM "reviews"[0m
  ↳ app/controllers/reviews_controller.rb:8:in `index'
Completed 200 OK in 12ms (Views: 10.8ms | ActiveRecord: 0.3ms | Allocations: 1388)


Started GET "/reviews" for 127.0.0.1 at 2021-05-30 02:57:34 -0400
Processing by ReviewsController#index as */*
  [1m[36mReview Load (0.1ms)[0m  [1m[34mSELECT "reviews".* FROM "reviews"[0m
  ↳ app/controllers/reviews_controller.rb:8:in `index'
Completed 200 OK in 7ms (Views: 6.2ms | ActiveRecord: 0.1ms | Allocations: 1388)


Started GET "/reviews" for 127.0.0.1 at 2021-05-30 03:04:08 -0400
Processing by ReviewsController#index as */*
  [1m[35m (0.1ms)[0m  [1m[34mSELECT sqlite_version(*)[0m
  ↳ app/controllers/reviews_controller.rb:8:in `index'
  [1m[36mReview Load (0.2ms)[0m  [1m[34mSELECT "reviews".* FROM "reviews"[0m
  ↳ app/controllers/reviews_controller.rb:8:in `index'
Completed 200 OK in 21ms (Views: 17.5ms | ActiveRecord: 1.0ms | Allocations: 1968)


Started GET "/reviews" for 127.0.0.1 at 2021-05-30 03:04:45 -0400
Processing by ReviewsController#index as */*
  [1m[36mReview Load (0.2ms)[0m  [1m[34mSELECT "reviews".* FROM "reviews"[0m
  ↳ app/controllers/reviews_controller.rb:8:in `index'
Completed 200 OK in 9ms (Views: 8.3ms | ActiveRecord: 0.2ms | Allocations: 1388)


Started GET "/reviews" for 127.0.0.1 at 2021-05-30 03:08:06 -0400
Processing by ReviewsController#index as */*
  [1m[36mReview Load (1.1ms)[0m  [1m[34mSELECT "reviews".* FROM "reviews"[0m
  ↳ app/controllers/reviews_controller.rb:8:in `index'
Completed 200 OK in 9ms (Views: 7.2ms | ActiveRecord: 1.1ms | Allocations: 1388)


Started POST "/reviews" for 127.0.0.1 at 2021-05-30 03:08:41 -0400
Processing by ReviewsController#create as */*
  Parameters: {"customer_name"=>"Anika Morris-Christopher", "content"=>"Fun stuff!", "date"=>"4/1/21", "review"=>{"customer_name"=>"Anika Morris-Christopher", "content"=>"Fun stuff!", "date"=>"4/1/21"}}
  [1m[36mTRANSACTION (0.2ms)[0m  [1m[36mbegin transaction[0m
  ↳ app/controllers/reviews_controller.rb:20:in `create'
  [1m[36mReview Create (3.9ms)[0m  [1m[32mINSERT INTO "reviews" ("customer_name", "content", "date", "created_at", "updated_at") VALUES (?, ?, ?, ?, ?)[0m  [["customer_name", "Anika Morris-Christopher"], ["content", "Fun stuff!"], ["date", "4/1/21"], ["created_at", "2021-05-30 07:08:41.211424"], ["updated_at", "2021-05-30 07:08:41.211424"]]
  ↳ app/controllers/reviews_controller.rb:20:in `create'
  [1m[36mTRANSACTION (0.9ms)[0m  [1m[36mcommit transaction[0m
  ↳ app/controllers/reviews_controller.rb:20:in `create'
Completed 201 Created in 20ms (Views: 0.8ms | ActiveRecord: 4.9ms | Allocations: 1786)


Started GET "/reviews" for 127.0.0.1 at 2021-05-30 03:11:36 -0400
Processing by ReviewsController#index as */*
  [1m[36mReview Load (1.7ms)[0m  [1m[34mSELECT "reviews".* FROM "reviews"[0m
  ↳ app/controllers/reviews_controller.rb:8:in `index'
Completed 200 OK in 5ms (Views: 3.2ms | ActiveRecord: 1.7ms | Allocations: 1523)


Started GET "/reviews" for 127.0.0.1 at 2021-05-30 22:35:29 -0400
Processing by ReviewsController#index as HTML
  [1m[35m (0.9ms)[0m  [1m[34mSELECT sqlite_version(*)[0m
  ↳ app/controllers/reviews_controller.rb:8:in `index'
  [1m[36mReview Load (1.6ms)[0m  [1m[34mSELECT "reviews".* FROM "reviews"[0m
  ↳ app/controllers/reviews_controller.rb:8:in `index'
Completed 200 OK in 74ms (Views: 71.0ms | ActiveRecord: 8.8ms | Allocations: 2098)


Started POST "/reviews" for 127.0.0.1 at 2021-05-30 22:36:04 -0400
Processing by ReviewsController#create as */*
  Parameters: {"customer_name"=>"Anika Morris-Christopher", "content"=>"Fun stuff!", "date"=>"4/1/21", "review"=>{"customer_name"=>"Anika Morris-Christopher", "content"=>"Fun stuff!", "date"=>"4/1/21"}}
  [1m[36mTRANSACTION (0.6ms)[0m  [1m[36mbegin transaction[0m
  ↳ app/controllers/reviews_controller.rb:20:in `create'
  [1m[36mReview Create (3.1ms)[0m  [1m[32mINSERT INTO "reviews" ("customer_name", "content", "date", "created_at", "updated_at") VALUES (?, ?, ?, ?, ?)[0m  [["customer_name", "Anika Morris-Christopher"], ["content", "Fun stuff!"], ["date", "4/1/21"], ["created_at", "2021-05-31 02:36:04.319980"], ["updated_at", "2021-05-31 02:36:04.319980"]]
  ↳ app/controllers/reviews_controller.rb:20:in `create'
  [1m[36mTRANSACTION (1.2ms)[0m  [1m[36mcommit transaction[0m
  ↳ app/controllers/reviews_controller.rb:20:in `create'
Completed 201 Created in 42ms (Views: 1.3ms | ActiveRecord: 5.0ms | Allocations: 1786)


Started GET "/reviews" for 127.0.0.1 at 2021-05-30 22:41:11 -0400
Processing by ReviewsController#index as */*
  [1m[36mReview Load (3.7ms)[0m  [1m[34mSELECT "reviews".* FROM "reviews"[0m
  ↳ app/controllers/reviews_controller.rb:8:in `index'
Completed 200 OK in 38ms (Views: 31.7ms | ActiveRecord: 3.7ms | Allocations: 1656)


Started GET "/reviews" for 127.0.0.1 at 2021-05-30 22:42:30 -0400
Processing by ReviewsController#index as */*
  [1m[36mReview Load (0.3ms)[0m  [1m[34mSELECT "reviews".* FROM "reviews"[0m
  ↳ app/controllers/reviews_controller.rb:8:in `index'
Completed 200 OK in 18ms (Views: 14.0ms | ActiveRecord: 0.3ms | Allocations: 1656)


Started GET "/reviews" for 127.0.0.1 at 2021-05-30 22:43:28 -0400
Processing by ReviewsController#index as */*
  [1m[36mReview Load (0.5ms)[0m  [1m[34mSELECT "reviews".* FROM "reviews"[0m
  ↳ app/controllers/reviews_controller.rb:8:in `index'
Completed 200 OK in 120ms (Views: 118.8ms | ActiveRecord: 0.5ms | Allocations: 1657)


Started GET "/reviews" for 127.0.0.1 at 2021-05-30 22:43:35 -0400
Processing by ReviewsController#index as */*
  [1m[36mReview Load (0.1ms)[0m  [1m[34mSELECT "reviews".* FROM "reviews"[0m
  ↳ app/controllers/reviews_controller.rb:8:in `index'
Completed 200 OK in 4ms (Views: 3.1ms | ActiveRecord: 0.1ms | Allocations: 1656)


Started GET "/reviews" for 127.0.0.1 at 2021-05-30 22:44:07 -0400
Processing by ReviewsController#index as */*
  [1m[36mReview Load (0.3ms)[0m  [1m[34mSELECT "reviews".* FROM "reviews"[0m
  ↳ app/controllers/reviews_controller.rb:8:in `index'
Completed 200 OK in 4ms (Views: 3.8ms | ActiveRecord: 0.3ms | Allocations: 1656)


Started GET "/reviews" for 127.0.0.1 at 2021-05-30 22:44:08 -0400
Processing by ReviewsController#index as */*
  [1m[36mReview Load (0.2ms)[0m  [1m[34mSELECT "reviews".* FROM "reviews"[0m
  ↳ app/controllers/reviews_controller.rb:8:in `index'
Completed 200 OK in 5ms (Views: 3.9ms | ActiveRecord: 0.2ms | Allocations: 1656)


Started GET "/reviews" for 127.0.0.1 at 2021-05-30 22:44:25 -0400
Processing by ReviewsController#index as */*
  [1m[36mReview Load (0.2ms)[0m  [1m[34mSELECT "reviews".* FROM "reviews"[0m
  ↳ app/controllers/reviews_controller.rb:8:in `index'
Completed 200 OK in 5ms (Views: 4.5ms | ActiveRecord: 0.2ms | Allocations: 1656)


Started GET "/reviews" for 127.0.0.1 at 2021-05-30 22:48:59 -0400
Processing by ReviewsController#index as */*
  [1m[36mReview Load (0.3ms)[0m  [1m[34mSELECT "reviews".* FROM "reviews"[0m
  ↳ app/controllers/reviews_controller.rb:8:in `index'
Completed 200 OK in 9ms (Views: 8.5ms | ActiveRecord: 0.3ms | Allocations: 1656)


Started GET "/reviews" for 127.0.0.1 at 2021-05-30 22:49:31 -0400
Processing by ReviewsController#index as */*
  [1m[36mReview Load (0.4ms)[0m  [1m[34mSELECT "reviews".* FROM "reviews"[0m
  ↳ app/controllers/reviews_controller.rb:8:in `index'
Completed 200 OK in 11ms (Views: 9.9ms | ActiveRecord: 0.4ms | Allocations: 1656)


Started GET "/reviews" for 127.0.0.1 at 2021-05-30 22:50:00 -0400
Processing by ReviewsController#index as HTML
  [1m[36mReview Load (0.7ms)[0m  [1m[34mSELECT "reviews".* FROM "reviews"[0m
  ↳ app/controllers/reviews_controller.rb:8:in `index'
Completed 200 OK in 7ms (Views: 5.5ms | ActiveRecord: 0.7ms | Allocations: 1653)


Started GET "/reviews" for 127.0.0.1 at 2021-05-30 22:50:14 -0400
Processing by ReviewsController#index as */*
  [1m[36mReview Load (0.4ms)[0m  [1m[34mSELECT "reviews".* FROM "reviews"[0m
  ↳ app/controllers/reviews_controller.rb:8:in `index'
Completed 200 OK in 9ms (Views: 7.9ms | ActiveRecord: 0.4ms | Allocations: 1656)


Started GET "/reviews" for 127.0.0.1 at 2021-05-30 22:50:21 -0400
Processing by ReviewsController#index as */*
  [1m[36mReview Load (0.6ms)[0m  [1m[34mSELECT "reviews".* FROM "reviews"[0m
  ↳ app/controllers/reviews_controller.rb:8:in `index'
Completed 200 OK in 9ms (Views: 6.5ms | ActiveRecord: 0.6ms | Allocations: 1656)


Started GET "/reviews" for 127.0.0.1 at 2021-05-30 22:50:35 -0400
Processing by ReviewsController#index as */*
  [1m[36mReview Load (0.2ms)[0m  [1m[34mSELECT "reviews".* FROM "reviews"[0m
  ↳ app/controllers/reviews_controller.rb:8:in `index'
Completed 200 OK in 5ms (Views: 4.8ms | ActiveRecord: 0.2ms | Allocations: 1656)


